<?xml version="1.0" encoding="UTF-8" ?>

<!--L
   Copyright Washington University in St. Louis
   Copyright SemanticBits
   Copyright Persistent Systems

   Distributed under the OSI-approved BSD 3-Clause License.
   See http://ncip.github.com/gsid/LICENSE.txt for details.
L-->

<testsuite errors="1" failures="0" hostname="ra1" name="gov.nih.nci.cagrid.identifiers.test.NATestCase" tests="1" time="0.0" timestamp="2011-02-03T14:43:55">
  <properties>
    <property name="env.VBOX_INSTALL_PATH" value="C:\Program Files\Oracle\VirtualBox\" />
    <property name="file.encoding.pkg" value="sun.io" />
    <property name="env.PROMPT" value="$P$G" />
    <property name="test.failfast" value="false" />
    <property name="env.RoxioCentral" value="C:\Program Files\Common Files\Roxio Shared\10.0\Roxio Central36\" />
    <property name="java.home" value="C:\Program Files\Java\jdk1.6.0_22\jre" />
    <property name="test.src.dir" value="test/src" />
    <property name="java.endorsed.dirs" value="C:\Program Files\Java\jdk1.6.0_22\jre\lib\endorsed" />
    <property name="env.USERNAME" value="srikalyan" />
    <property name="src.dir" value="src" />
    <property name="ext.globus.dir" value="E:\work\cagrid\caGridRun\cagrid1.4\ws-core-4.0.3" />
    <property name="sun.os.patch.level" value="" />
    <property name="java.vendor.url" value="http://java.sun.com/" />
    <property name="env.COMPUTERNAME" value="RA1" />
    <property name="java.version" value="1.6.0_22" />
    <property name="ant.file.Developer Modified Build File" value="E:\myJava\namingAuthorityGS4-11-11\identifiers-namingauthority-gridsvc\dev-build.xml" />
    <property name="ivy.generated.artifacts.pattern.src" value="E:\myJava\namingAuthorityGS4-11-11\identifiers-namingauthority-gridsvc/ext/dependencies/service/jars/[artifact].[ext]" />
    <property name="ant.contrib.location" value="E:\myJava\namingAuthorityGS4-11-11\identifiers-namingauthority-gridsvc\ext\dependencies\tools\jars/ant-contrib-1.0b3.jar" />
    <property name="java.vendor.url.bug" value="http://java.sun.com/cgi-bin/bugreport.cgi" />
    <property name="ant.file.dependencies" value="E:\myJava\namingAuthorityGS4-11-11\identifiers-namingauthority-gridsvc\dependencies-build.xml" />
    <property name="env.USERPROFILE" value="C:\Users\srikalyan" />
    <property name="javadoc.dir" value="E:\myJava\namingAuthorityGS4-11-11\identifiers-namingauthority-gridsvc\build/javadoc" />
    <property name="env.SRIKALYAN_HOME" value="C:\Users\srikalyan" />
    <property name="introduce.skeleton.namespace.domain" value="http://identifiers.cagrid.nci.nih.gov/IdentifiersNAService" />
    <property name="test.lib.dir" value="test/lib" />
    <property name="env.SystemRoot" value="C:\Windows" />
    <property name="introduce.ns.excludes" value=" -x gme://caGrid.caBIG/1.0/gov.nih.nci.cagrid.metadata.service -x gme://caGrid.caBIG/1.0/gov.nih.nci.cagrid.metadata.security -x gme://caGrid.caBIG/1.0/gov.nih.nci.cagrid.metadata.common -x gme://caGrid.caBIG/1.0/gov.nih.nci.cagrid.metadata" />
    <property name="user.name" value="srikalyan" />
    <property name="ext.dir" value="E:\myJava\namingAuthorityGS4-11-11\identifiers-namingauthority-gridsvc\ext" />
    <property name="env.MpConfig_ProductCodeName" value="AntiSpyware" />
    <property name="sun.io.unicode.encoding" value="UnicodeLittle" />
    <property name="sun.jnu.encoding" value="Cp1252" />
    <property name="java.runtime.name" value="Java(TM) SE Runtime Environment" />
    <property name="schema.dest" value="E:\myJava\namingAuthorityGS4-11-11\identifiers-namingauthority-gridsvc\build\schema" />
    <property name="env.LOCALAPPDATA" value="C:\Users\srikalyan\AppData\Local" />
    <property name="ivy.generated.artifacts.pattern.test" value="E:\myJava\namingAuthorityGS4-11-11\identifiers-namingauthority-gridsvc\ext\dependencies\test\jars/[artifact].[ext]" />
    <property name="lib.dir" value="E:\myJava\namingAuthorityGS4-11-11\identifiers-namingauthority-gridsvc/lib" />
    <property name="tools.lib.dir" value="tools/lib" />
    <property name="project.version" value="1.4-dev" />
    <property name="java.specification.name" value="Java Platform API Specification" />
    <property name="force.config.replace" value="false" />
    <property name="test.jar.name" value="caGrid-IdentifiersNAService-tests-1.4-dev.jar" />
    <property name="user.timezone" value="" />
    <property name="path.separator" value=";" />
    <property name="client.jar.name" value="caGrid-IdentifiersNAService-client-1.4-dev.jar" />
    <property name="env.PROCESSOR_IDENTIFIER" value="x86 Family 6 Model 37 Stepping 2, GenuineIntel" />
    <property name="env._JAVACMD" value="C:\Program Files\Java\jdk1.6.0_22\bin\java.exe" />
    <property name="file.encoding" value="Cp1252" />
    <property name="jar.prefix" value="caGrid-IdentifiersNAService" />
    <property name="junit.results.dir" value="test/logs/junit" />
    <property name="introduce.soap.binding.excludes" value=" " />
    <property name="env.NUMBER_OF_PROCESSORS" value="4" />
    <property name="TARGET_GRID_LIST" value="training-1.3,nci_prod-1.3,nci_qa-1.3,nci_stage-1.3" />
    <property name="env.APPDATA" value="C:\Users\srikalyan\AppData\Roaming" />
    <property name="ant.file" value="E:\myJava\namingAuthorityGS4-11-11\identifiers-namingauthority-gridsvc\build.xml" />
    <property name="sql.dir" value="E:\myJava\namingAuthorityGS4-11-11\identifiers-namingauthority-gridsvc/sql" />
    <property name="test.log.dir" value="test/logs" />
    <property name="env.CASSANDRA_HOME" value="E:\nosql\cassandra\cassandra\cassandra-0.6.6\apache-cassandra-0.6.6" />
    <property name="java.io.tmpdir" value="C:\Users\SRIKAL~1\AppData\Local\Temp\" />
    <property name="user.language" value="en" />
    <property name="env.SystemDrive" value="C:" />
    <property name="line.separator" value="
" />
    <property name="garjars.id" value="garjars" />
    <property name="java.debug" value="on" />
    <property name="ant.file.build-deploy file" value="E:\myJava\namingAuthorityGS4-11-11\identifiers-namingauthority-gridsvc\build-deploy.xml" />
    <property name="introduce.skeleton.service.name" value="IdentifiersNAService" />
    <property name="tools.dir" value="tools" />
    <property name="schema.src" value="E:\work\cagrid\caGridRun\cagrid1.4\ws-core-4.0.3\share\schema" />
    <property name="java.vm.info" value="mixed mode, sharing" />
    <property name="sun.desktop" value="windows" />
    <property name="java.vm.specification.name" value="Java Virtual Machine Specification" />
    <property name="ant.file.run-tools file" value="E:\myJava\namingAuthorityGS4-11-11\identifiers-namingauthority-gridsvc\run-tools.xml" />
    <property name="common.jar.name" value="caGrid-IdentifiersNAService-common-1.4-dev.jar" />
    <property name="NCI_PROD_TARGET_GRID" value="nci_prod-1.3" />
    <property name="ant.file.Introduce Master Build File" value="E:\myJava\namingAuthorityGS4-11-11\identifiers-namingauthority-gridsvc\build.xml" />
    <property name="jar.suffix" value="1.4-dev.jar" />
    <property name="env.PATHEXT" value=".COM;.EXE;.BAT;.CMD;.VBS;.VBE;.JS;.JSE;.WSF;.WSH;.MSC" />
    <property name="env.EDITOR" value="&quot;C:\Program Files\Notepad++\notepad++.exe&quot;" />
    <property name="build.stubs" value="E:\myJava\namingAuthorityGS4-11-11\identifiers-namingauthority-gridsvc\build-stubs.xml" />
    <property name="env.LOGONSERVER" value="\\RA1" />
    <property name="introduce.skeleton.timestamp" value="1293542805714" />
    <property name="stubs.src" value="E:\myJava\namingAuthorityGS4-11-11\identifiers-namingauthority-gridsvc\build\stubs-IdentifiersNAService\src" />
    <property name="java.awt.printerjob" value="sun.awt.windows.WPrinterJob" />
    <property name="build.dest" value="E:\myJava\namingAuthorityGS4-11-11\identifiers-namingauthority-gridsvc\build\classes" />
    <property name="test.build.dest" value="E:\myJava\namingAuthorityGS4-11-11\identifiers-namingauthority-gridsvc\build/test/classes" />
    <property name="TARGET_GRID_VERSION" value="1.3" />
    <property name="env.PUBLIC" value="C:\Users\Public" />
    <property name="ext.dependencies.dir" value="E:\myJava\namingAuthorityGS4-11-11\identifiers-namingauthority-gridsvc\ext\dependencies" />
    <property name="ant.version" value="Apache Ant version 1.7.0 compiled on December 13 2006" />
    <property name="env.USERDOMAIN" value="RA1" />
    <property name="env.PROCESSOR_LEVEL" value="6" />
    <property name="env.MpConfig_ProductAppDataPath" value="C:\ProgramData\Microsoft\Windows Defender" />
    <property name="env.windir" value="C:\Windows" />
    <property name="NCI_QA_TARGET_GRID" value="nci_qa-1.3" />
    <property name="os.name" value="Windows 7" />
    <property name="java.specification.vendor" value="Sun Microsystems Inc." />
    <property name="stubs.dest" value="E:\myJava\namingAuthorityGS4-11-11\identifiers-namingauthority-gridsvc\build\stubs-IdentifiersNAService\classes" />
    <property name="ivy.checksums" value="" />
    <property name="configure.supported" value="true" />
    <property name="env.TMP" value="C:\Users\SRIKAL~1\AppData\Local\Temp" />
    <property name="java.vm.name" value="Java HotSpot(TM) Client VM" />
    <property name="env.ProgramData" value="C:\ProgramData" />
    <property name="env.ULTRAMON_LANGDIR" value="C:\Program Files\UltraMon\Resources\en" />
    <property name="env.OS" value="Windows_NT" />
    <property name="sql.file" value="E:\myJava\namingAuthorityGS4-11-11\identifiers-namingauthority-gridsvc/sql/Schema.sql" />
    <property name="java.library.path" value="C:\Program Files\Java\jdk1.6.0_22\jre\bin;.;C:\Windows\Sun\Java\bin;C:\Windows\system32;C:\Windows;C:\Program Files\CollabNet\Subversion Client;C:\Program Files\Common Files\Microsoft Shared\Windows Live;C:\oraclexe\app\oracle\product\10.2.0\server\bin;C:\Program Files\Java\jdk1.6.0_22\bin;C:\Windows\system32;C:\Windows;C:\Windows\System32\Wbem;C:\Windows\System32\WindowsPowerShell\v1.0\;C:\Program Files\Dell\DW WLAN Card\Driver;c:\Program Files\WIDCOMM\Bluetooth Software\;C:\Program Files\Common Files\Roxio Shared\DLLShared\;C:\Program Files\Common Files\Roxio Shared\10.0\DLLShared\;E:\work\cagrid\caGridRun\cagrid1.4\apache-ant-1.7.0\bin;C:\Program Files\Subversion\bin;C:\Program Files\GnuWin32\bin;C:\Program Files\Yap\bin;C:\Program Files\Graphviz2.26.3\bin;C:\Program Files\SSH Communications Security\SSH Secure Shell;C:\Program Files\MySQL\MySQL Server 5.0\bin;C:\Windows\Microsoft.NET\Framework\v4.0.30319;c:\Program Files\Microsoft SQL Server\100\Tools\Binn\;c:\Program Files\Microsoft SQL Server\100\DTS\Binn\;C:\Program Files\Microsoft Visual Studio 10.0\VC\bin;C:\Program Files\Microsoft Visual Studio 10.0\Common7\IDE;C:\Program Files\TortoiseSVN\bin;E:\maven\apache-maven-2.2.1\bin;C:\Program Files\Windows Live\Shared;C:\Program Files\Mercurial\;C:\Windows\Microsoft.NET\Framework\v4.0.30319;C:\Users\srikalyan\bin" />
    <property name="ant.file.developers-build-deploy file" value="E:\myJava\namingAuthorityGS4-11-11\identifiers-namingauthority-gridsvc\dev-build-deploy.xml" />
    <property name="ant.java.version" value="1.6" />
    <property name="basedir" value="E:\myJava\namingAuthorityGS4-11-11\identifiers-namingauthority-gridsvc" />
    <property name="java.class.version" value="50.0" />
    <property name="ext.lib.dir" value="E:\myJava\namingAuthorityGS4-11-11\identifiers-namingauthority-gridsvc/ext/dependencies/service/jars" />
    <property name="ant.home" value="E:\work\cagrid\caGridRun\cagrid1.4\apache-ant-1.7.0" />
    <property name="introduce.skeleton.services.list" value="IdentifiersNAService" />
    <property name="env.Path" value="C:\Program Files\CollabNet\Subversion Client;C:\Program Files\Common Files\Microsoft Shared\Windows Live;C:\oraclexe\app\oracle\product\10.2.0\server\bin;C:\Program Files\Java\jdk1.6.0_22\bin;C:\Windows\system32;C:\Windows;C:\Windows\System32\Wbem;C:\Windows\System32\WindowsPowerShell\v1.0\;C:\Program Files\Dell\DW WLAN Card\Driver;c:\Program Files\WIDCOMM\Bluetooth Software\;C:\Program Files\Common Files\Roxio Shared\DLLShared\;C:\Program Files\Common Files\Roxio Shared\10.0\DLLShared\;E:\work\cagrid\caGridRun\cagrid1.4\apache-ant-1.7.0\bin;C:\Program Files\Subversion\bin;C:\Program Files\GnuWin32\bin;C:\Program Files\Yap\bin;C:\Program Files\Graphviz2.26.3\bin;C:\Program Files\SSH Communications Security\SSH Secure Shell;C:\Program Files\MySQL\MySQL Server 5.0\bin;C:\Windows\Microsoft.NET\Framework\v4.0.30319;c:\Program Files\Microsoft SQL Server\100\Tools\Binn\;c:\Program Files\Microsoft SQL Server\100\DTS\Binn\;C:\Program Files\Microsoft Visual Studio 10.0\VC\bin;C:\Program Files\Microsoft Visual Studio 10.0\Common7\IDE;C:\Program Files\TortoiseSVN\bin;E:\maven\apache-maven-2.2.1\bin;C:\Program Files\Windows Live\Shared;C:\Program Files\Mercurial\;C:\Windows\Microsoft.NET\Framework\v4.0.30319;C:\Users\srikalyan\bin" />
    <property name="ext.test.lib.dir" value="E:\myJava\namingAuthorityGS4-11-11\identifiers-namingauthority-gridsvc\ext\dependencies\test\jars" />
    <property name="env.HOMEDRIVE" value="C:" />
    <property name="env.MpConfig_ReportingGUID" value="4A061617-7664-41C7-86AF-B44C8B34CB81" />
    <property name="build.packages" value="E:\work\cagrid\caGridRun\cagrid1.4\ws-core-4.0.3\share\globus_wsrf_common\build-packages.xml" />
    <property name="sun.boot.library.path" value="C:\Program Files\Java\jdk1.6.0_22\jre\bin" />
    <property name="build.dir" value="E:\myJava\namingAuthorityGS4-11-11\identifiers-namingauthority-gridsvc\build\classes" />
    <property name="env.PROCESSOR_REVISION" value="2502" />
    <property name="sun.management.compiler" value="HotSpot Client Compiler" />
    <property name="java.awt.graphicsenv" value="sun.awt.Win32GraphicsEnvironment" />
    <property name="user.variant" value="" />
    <property name="stubs.jar.name" value="caGrid-IdentifiersNAService-stubs-1.4-dev.jar" />
    <property name="ext.targetgrid.dir" value="E:\myJava\namingAuthorityGS4-11-11\identifiers-namingauthority-gridsvc\ext\target_grid" />
    <property name="env.MpConfig_ProductPath" value="C:\Program Files\Windows Defender" />
    <property name="NCI_STAGE_TARGET_GRID" value="nci_stage-1.3" />
    <property name="ant.project.name" value="Introduce Master Build File" />
    <property name="schema.dir" value="schema" />
    <property name="GT4.ns.excludes" value="-x http://docs.oasis-open.org/wsrf/2004/06/wsrf-WS-BaseFaults-1.2-draft-01.xsd -x http://docs.oasis-open.org/wsrf/2004/06/wsrf-WS-BaseFaults-1.2-draft-01.wsdl -x http://docs.oasis-open.org/wsrf/2004/06/wsrf-WS-ResourceLifetime-1.2-draft-01.xsd -x http://docs.oasis-open.org/wsrf/2004/06/wsrf-WS-ResourceLifetime-1.2-draft-01.wsdl -x http://docs.oasis-open.org/wsrf/2004/06/wsrf-WS-ResourceProperties-1.2-draft-01.xsd -x http://docs.oasis-open.org/wsrf/2004/06/wsrf-WS-ResourceProperties-1.2-draft-01.wsdl -x http://docs.oasis-open.org/wsrf/2004/06/wsrf-WS-ServiceGroup-1.2-draft-01.xsd -x http://docs.oasis-open.org/wsrf/2004/06/wsrf-WS-ServiceGroup-1.2-draft-01.wsdl -x http://docs.oasis-open.org/wsn/2004/06/wsn-WS-BaseNotification-1.2-draft-01.xsd -x http://docs.oasis-open.org/wsn/2004/06/wsn-WS-BaseNotification-1.2-draft-01.wsdl -x http://schemas.xmlsoap.org/ws/2004/04/trust -x http://schemas.xmlsoap.org/ws/2002/12/policy -x http://schemas.xmlsoap.org/ws/2002/07/utility -x http://schemas.xmlsoap.org/ws/2004/04/sc -x http://docs.oasis-open.org/wss/2004/01/oasis-200401-wss-wssecurity-secext-1.0.xsd -x http://www.w3.org/2000/09/xmldsig# -x http://docs.oasis-open.org/wss/2004/01/oasis-200401-wss-wssecurity-utility-1.0.xsd -x http://schemas.xmlsoap.org/ws/2004/09/enumeration" />
    <property name="introduce.skeleton.destination.dir" value="E:\myJava\namingAuthorityGS4-11-11\identifiers-namingauthority-gridsvc" />
    <property name="java.vm.specification.version" value="1.0" />
    <property name="env.GLOBUS_LOCATION" value="E:\work\cagrid\caGridRun\cagrid1.4\ws-core-4.0.3" />
    <property name="build.instrumented" value="E:\myJava\namingAuthorityGS4-11-11\identifiers-namingauthority-gridsvc\build\instrumented-classes" />
    <property name="awt.toolkit" value="sun.awt.windows.WToolkit" />
    <property name="introduce.skeleton.extensions" value="cagrid_metadata" />
    <property name="build.lib.dir" value="E:\myJava\namingAuthorityGS4-11-11\identifiers-namingauthority-gridsvc\build\lib" />
    <property name="env.MAVEN_HOME" value="E:\maven\apache-maven-2.2.1" />
    <property name="sun.cpu.isalist" value="pentium_pro+mmx pentium_pro pentium+mmx pentium i486 i386 i86" />
    <property name="java.ext.dirs" value="C:\Program Files\Java\jdk1.6.0_22\jre\lib\ext;C:\Windows\Sun\Java\lib\ext" />
    <property name="garschema.id" value="garschema" />
    <property name="os.version" value="6.1" />
    <property name="user.home" value="C:\Users\srikalyan" />
    <property name="ant.file.nagridsvc_tests_harness" value="E:\myJava\namingAuthorityGS4-11-11\identifiers-namingauthority-gridsvc\test\test.xml" />
    <property name="java.vm.vendor" value="Sun Microsystems Inc." />
    <property name="mappings.file" value="E:\myJava\namingAuthorityGS4-11-11\identifiers-namingauthority-gridsvc/namespace2package.mappings" />
    <property name="ext.tools.lib.dir" value="E:\myJava\namingAuthorityGS4-11-11\identifiers-namingauthority-gridsvc\ext\dependencies\tools\jars" />
    <property name="garetc.id" value="garetc" />
    <property name="env.JAVA_HOME" value="C:\Program Files\Java\jdk1.6.0_22" />
    <property name="stubs.dir" value="E:\myJava\namingAuthorityGS4-11-11\identifiers-namingauthority-gridsvc\build\stubs-IdentifiersNAService" />
    <property name="user.dir" value="E:\myJava\namingAuthorityGS4-11-11\identifiers-namingauthority-gridsvc" />
    <property name="schema.path" value="IdentifiersNAService" />
    <property name="env.APR_ICONV_PATH" value="C:\Program Files\Subversion\iconv" />
    <property name="env.FP_NO_HOST_CHECK" value="NO" />
    <property name="test.dir" value="test" />
    <property name="tomcat.dir" value="E:\runningSoftware\servers\tomcat1.4\apache-tomcat-5.5.27" />
    <property name="env._USE_CLASSPATH" value="no" />
    <property name="sun.cpu.endian" value="little" />
    <property name="env.MpConfig_ProductUserAppDataPath" value="C:\Users\srikalyan\AppData\Local\Microsoft\Windows Defender" />
    <property name="env.ALLUSERSPROFILE" value="C:\ProgramData" />
    <property name="env.PROCESSOR_ARCHITECTURE" value="x86" />
    <property name="java.vm.version" value="17.1-b03" />
    <property name="env.HOMEPATH" value="\Users\srikalyan" />
    <property name="java.class.path" value="E:\myJava\namingAuthorityGS4-11-11\identifiers-namingauthority-gridsvc\build\test\classes;E:\myJava\namingAuthorityGS4-11-11\identifiers-namingauthority-gridsvc\build\classes;E:\myJava\namingAuthorityGS4-11-11\identifiers-namingauthority-gridsvc\ext\dependencies\test\jars\caGrid-core-tests.jar;E:\myJava\namingAuthorityGS4-11-11\identifiers-namingauthority-gridsvc\ext\dependencies\test\jars\caGrid-core.jar;E:\myJava\namingAuthorityGS4-11-11\identifiers-namingauthority-gridsvc\ext\dependencies\test\jars\commons-logging.jar;E:\myJava\namingAuthorityGS4-11-11\identifiers-namingauthority-gridsvc\ext\dependencies\test\jars\jdepend.jar;E:\myJava\namingAuthorityGS4-11-11\identifiers-namingauthority-gridsvc\ext\dependencies\test\jars\jdom.jar;E:\myJava\namingAuthorityGS4-11-11\identifiers-namingauthority-gridsvc\ext\dependencies\test\jars\junit.jar;E:\myJava\namingAuthorityGS4-11-11\identifiers-namingauthority-gridsvc\build\stubs-IdentifiersNAService\classes;E:\myJava\namingAuthorityGS4-11-11\identifiers-namingauthority-gridsvc\lib\caGrid-advertisement-1.4.jar;E:\myJava\namingAuthorityGS4-11-11\identifiers-namingauthority-gridsvc\lib\caGrid-identifiers-namingauthority-1.4.jar;E:\myJava\namingAuthorityGS4-11-11\identifiers-namingauthority-gridsvc\lib\checkstyle-5.3-all.jar;E:\myJava\namingAuthorityGS4-11-11\identifiers-namingauthority-gridsvc\lib\cobertura.jar;E:\myJava\namingAuthorityGS4-11-11\identifiers-namingauthority-gridsvc\lib\ivy-2.1.0.jar;E:\myJava\namingAuthorityGS4-11-11\identifiers-namingauthority-gridsvc\lib\xalan.jar;E:\myJava\namingAuthorityGS4-11-11\identifiers-namingauthority-gridsvc\lib\xercesImpl.jar;E:\myJava\namingAuthorityGS4-11-11\identifiers-namingauthority-gridsvc\lib\xml-apis.jar;E:\myJava\namingAuthorityGS4-11-11\identifiers-namingauthority-gridsvc\lib\xmlsec.jar;E:\work\cagrid\caGridRun\cagrid1.4\ws-core-4.0.3\lib\addressing-1.0.jar;E:\work\cagrid\caGridRun\cagrid1.4\ws-core-4.0.3\lib\axis-url.jar;E:\work\cagrid\caGridRun\cagrid1.4\ws-core-4.0.3\lib\axis.jar;E:\work\cagrid\caGridRun\cagrid1.4\ws-core-4.0.3\lib\bootstrap.jar;E:\work\cagrid\caGridRun\cagrid1.4\ws-core-4.0.3\lib\cog-axis.jar;E:\work\cagrid\caGridRun\cagrid1.4\ws-core-4.0.3\lib\cog-jglobus.jar;E:\work\cagrid\caGridRun\cagrid1.4\ws-core-4.0.3\lib\cog-tomcat.jar;E:\work\cagrid\caGridRun\cagrid1.4\ws-core-4.0.3\lib\cog-url.jar;E:\work\cagrid\caGridRun\cagrid1.4\ws-core-4.0.3\lib\commonj.jar;E:\work\cagrid\caGridRun\cagrid1.4\ws-core-4.0.3\lib\commons-beanutils.jar;E:\work\cagrid\caGridRun\cagrid1.4\ws-core-4.0.3\lib\commons-cli-2.0.jar;E:\work\cagrid\caGridRun\cagrid1.4\ws-core-4.0.3\lib\commons-collections-3.0.jar;E:\work\cagrid\caGridRun\cagrid1.4\ws-core-4.0.3\lib\commons-digester.jar;E:\work\cagrid\caGridRun\cagrid1.4\ws-core-4.0.3\lib\commons-discovery.jar;E:\work\cagrid\caGridRun\cagrid1.4\ws-core-4.0.3\lib\commons-logging.jar;E:\work\cagrid\caGridRun\cagrid1.4\ws-core-4.0.3\lib\concurrent.jar;E:\work\cagrid\caGridRun\cagrid1.4\ws-core-4.0.3\lib\cryptix-asn1.jar;E:\work\cagrid\caGridRun\cagrid1.4\ws-core-4.0.3\lib\cryptix.jar;E:\work\cagrid\caGridRun\cagrid1.4\ws-core-4.0.3\lib\cryptix32.jar;E:\work\cagrid\caGridRun\cagrid1.4\ws-core-4.0.3\lib\globus_resolution_service.jar;E:\work\cagrid\caGridRun\cagrid1.4\ws-core-4.0.3\lib\globus_resolution_stubs_java.jar;E:\work\cagrid\caGridRun\cagrid1.4\ws-core-4.0.3\lib\globus_resolution_test.jar;E:\work\cagrid\caGridRun\cagrid1.4\ws-core-4.0.3\lib\globus_transfer_service.jar;E:\work\cagrid\caGridRun\cagrid1.4\ws-core-4.0.3\lib\globus_transfer_stubs_java.jar;E:\work\cagrid\caGridRun\cagrid1.4\ws-core-4.0.3\lib\globus_transfer_test.jar;E:\work\cagrid\caGridRun\cagrid1.4\ws-core-4.0.3\lib\globus_usage_core.jar;E:\work\cagrid\caGridRun\cagrid1.4\ws-core-4.0.3\lib\globus_usage_packets_common.jar;E:\work\cagrid\caGridRun\cagrid1.4\ws-core-4.0.3\lib\globus_wsrf_tools_test.jar;E:\work\cagrid\caGridRun\cagrid1.4\ws-core-4.0.3\lib\jaxrpc.jar;E:\work\cagrid\caGridRun\cagrid1.4\ws-core-4.0.3\lib\jce-jdk13-125.jar;E:\work\cagrid\caGridRun\cagrid1.4\ws-core-4.0.3\lib\jgss.jar;E:\work\cagrid\caGridRun\cagrid1.4\ws-core-4.0.3\lib\junit.jar;E:\work\cagrid\caGridRun\cagrid1.4\ws-core-4.0.3\lib\log4j-1.2.8.jar;E:\work\cagrid\caGridRun\cagrid1.4\ws-core-4.0.3\lib\naming-common.jar;E:\work\cagrid\caGridRun\cagrid1.4\ws-core-4.0.3\lib\naming-factory.jar;E:\work\cagrid\caGridRun\cagrid1.4\ws-core-4.0.3\lib\naming-java.jar;E:\work\cagrid\caGridRun\cagrid1.4\ws-core-4.0.3\lib\naming-resources.jar;E:\work\cagrid\caGridRun\cagrid1.4\ws-core-4.0.3\lib\opensaml.jar;E:\work\cagrid\caGridRun\cagrid1.4\ws-core-4.0.3\lib\puretls.jar;E:\work\cagrid\caGridRun\cagrid1.4\ws-core-4.0.3\lib\resolver.jar;E:\work\cagrid\caGridRun\cagrid1.4\ws-core-4.0.3\lib\saaj.jar;E:\work\cagrid\caGridRun\cagrid1.4\ws-core-4.0.3\lib\servlet.jar;E:\work\cagrid\caGridRun\cagrid1.4\ws-core-4.0.3\lib\wsdl4j.jar;E:\work\cagrid\caGridRun\cagrid1.4\ws-core-4.0.3\lib\wsrf_common.jar;E:\work\cagrid\caGridRun\cagrid1.4\ws-core-4.0.3\lib\wsrf_core.jar;E:\work\cagrid\caGridRun\cagrid1.4\ws-core-4.0.3\lib\wsrf_core_registry.jar;E:\work\cagrid\caGridRun\cagrid1.4\ws-core-4.0.3\lib\wsrf_core_registry_stubs.jar;E:\work\cagrid\caGridRun\cagrid1.4\ws-core-4.0.3\lib\wsrf_core_samples_authzService.jar;E:\work\cagrid\caGridRun\cagrid1.4\ws-core-4.0.3\lib\wsrf_core_samples_authzService_stubs.jar;E:\work\cagrid\caGridRun\cagrid1.4\ws-core-4.0.3\lib\wsrf_core_samples_counter.jar;E:\work\cagrid\caGridRun\cagrid1.4\ws-core-4.0.3\lib\wsrf_core_samples_counter_stubs.jar;E:\work\cagrid\caGridRun\cagrid1.4\ws-core-4.0.3\lib\wsrf_core_samples_mgmt.jar;E:\work\cagrid\caGridRun\cagrid1.4\ws-core-4.0.3\lib\wsrf_core_samples_mgmt_stubs.jar;E:\work\cagrid\caGridRun\cagrid1.4\ws-core-4.0.3\lib\wsrf_core_stubs.jar;E:\work\cagrid\caGridRun\cagrid1.4\ws-core-4.0.3\lib\wsrf_provider_jce.jar;E:\work\cagrid\caGridRun\cagrid1.4\ws-core-4.0.3\lib\wsrf_test.jar;E:\work\cagrid\caGridRun\cagrid1.4\ws-core-4.0.3\lib\wsrf_test_interop.jar;E:\work\cagrid\caGridRun\cagrid1.4\ws-core-4.0.3\lib\wsrf_test_interop_stubs.jar;E:\work\cagrid\caGridRun\cagrid1.4\ws-core-4.0.3\lib\wsrf_test_unit.jar;E:\work\cagrid\caGridRun\cagrid1.4\ws-core-4.0.3\lib\wsrf_test_unit_stubs.jar;E:\work\cagrid\caGridRun\cagrid1.4\ws-core-4.0.3\lib\wsrf_tools.jar;E:\work\cagrid\caGridRun\cagrid1.4\ws-core-4.0.3\lib\wss4j.jar;E:\work\cagrid\caGridRun\cagrid1.4\ws-core-4.0.3\lib\xalan.jar;E:\work\cagrid\caGridRun\cagrid1.4\ws-core-4.0.3\lib\xercesImpl.jar;E:\work\cagrid\caGridRun\cagrid1.4\ws-core-4.0.3\lib\xml-apis.jar;E:\work\cagrid\caGridRun\cagrid1.4\ws-core-4.0.3\lib\xmlsec.jar;E:\myJava\namingAuthorityGS4-11-11\identifiers-namingauthority-gridsvc\ext\dependencies\service\jars\addressing-1.0.jar;E:\myJava\namingAuthorityGS4-11-11\identifiers-namingauthority-gridsvc\ext\dependencies\service\jars\antlr-2.7.6rc1.jar;E:\myJava\namingAuthorityGS4-11-11\identifiers-namingauthority-gridsvc\ext\dependencies\service\jars\asm.jar;E:\myJava\namingAuthorityGS4-11-11\identifiers-namingauthority-gridsvc\ext\dependencies\service\jars\axis-url.jar;E:\myJava\namingAuthorityGS4-11-11\identifiers-namingauthority-gridsvc\ext\dependencies\service\jars\axis.jar;E:\myJava\namingAuthorityGS4-11-11\identifiers-namingauthority-gridsvc\ext\dependencies\service\jars\bootstrap.jar;E:\myJava\namingAuthorityGS4-11-11\identifiers-namingauthority-gridsvc\ext\dependencies\service\jars\caGrid-Introduce-serviceTools-1.4.jar;E:\myJava\namingAuthorityGS4-11-11\identifiers-namingauthority-gridsvc\ext\dependencies\service\jars\caGrid-ServiceSecurityProvider-client-1.4.jar;E:\myJava\namingAuthorityGS4-11-11\identifiers-namingauthority-gridsvc\ext\dependencies\service\jars\caGrid-ServiceSecurityProvider-common-1.4.jar;E:\myJava\namingAuthorityGS4-11-11\identifiers-namingauthority-gridsvc\ext\dependencies\service\jars\caGrid-ServiceSecurityProvider-service-1.4.jar;E:\myJava\namingAuthorityGS4-11-11\identifiers-namingauthority-gridsvc\ext\dependencies\service\jars\caGrid-ServiceSecurityProvider-stubs-1.4.jar;E:\myJava\namingAuthorityGS4-11-11\identifiers-namingauthority-gridsvc\ext\dependencies\service\jars\caGrid-advertisement-1.4.jar;E:\myJava\namingAuthorityGS4-11-11\identifiers-namingauthority-gridsvc\ext\dependencies\service\jars\caGrid-authentication-service-client-1.4.jar;E:\myJava\namingAuthorityGS4-11-11\identifiers-namingauthority-gridsvc\ext\dependencies\service\jars\caGrid-authentication-service-common-1.4.jar;E:\myJava\namingAuthorityGS4-11-11\identifiers-namingauthority-gridsvc\ext\dependencies\service\jars\caGrid-authentication-service-stubs-1.4.jar;E:\myJava\namingAuthorityGS4-11-11\identifiers-namingauthority-gridsvc\ext\dependencies\service\jars\caGrid-core-1.4.jar;E:\myJava\namingAuthorityGS4-11-11\identifiers-namingauthority-gridsvc\ext\dependencies\service\jars\caGrid-dorian-client-1.4.jar;E:\myJava\namingAuthorityGS4-11-11\identifiers-namingauthority-gridsvc\ext\dependencies\service\jars\caGrid-dorian-common-1.4.jar;E:\myJava\namingAuthorityGS4-11-11\identifiers-namingauthority-gridsvc\ext\dependencies\service\jars\caGrid-dorian-stubs-1.4.jar;E:\myJava\namingAuthorityGS4-11-11\identifiers-namingauthority-gridsvc\ext\dependencies\service\jars\caGrid-gaards-core-1.4.jar;E:\myJava\namingAuthorityGS4-11-11\identifiers-namingauthority-gridsvc\ext\dependencies\service\jars\caGrid-gridgrouper-client-1.4.jar;E:\myJava\namingAuthorityGS4-11-11\identifiers-namingauthority-gridsvc\ext\dependencies\service\jars\caGrid-gridgrouper-common-1.4.jar;E:\myJava\namingAuthorityGS4-11-11\identifiers-namingauthority-gridsvc\ext\dependencies\service\jars\caGrid-gridgrouper-resources-1.4.jar;E:\myJava\namingAuthorityGS4-11-11\identifiers-namingauthority-gridsvc\ext\dependencies\service\jars\caGrid-gridgrouper-stubs-1.4.jar;E:\myJava\namingAuthorityGS4-11-11\identifiers-namingauthority-gridsvc\ext\dependencies\service\jars\caGrid-gts-client-1.4.jar;E:\myJava\namingAuthorityGS4-11-11\identifiers-namingauthority-gridsvc\ext\dependencies\service\jars\caGrid-gts-common-1.4.jar;E:\myJava\namingAuthorityGS4-11-11\identifiers-namingauthority-gridsvc\ext\dependencies\service\jars\caGrid-gts-stubs-1.4.jar;E:\myJava\namingAuthorityGS4-11-11\identifiers-namingauthority-gridsvc\ext\dependencies\service\jars\caGrid-metadata-common-1.4.jar;E:\myJava\namingAuthorityGS4-11-11\identifiers-namingauthority-gridsvc\ext\dependencies\service\jars\caGrid-metadata-data-1.4.jar;E:\myJava\namingAuthorityGS4-11-11\identifiers-namingauthority-gridsvc\ext\dependencies\service\jars\caGrid-metadata-security-1.4.jar;E:\myJava\namingAuthorityGS4-11-11\identifiers-namingauthority-gridsvc\ext\dependencies\service\jars\caGrid-metadatautils-1.4.jar;E:\myJava\namingAuthorityGS4-11-11\identifiers-namingauthority-gridsvc\ext\dependencies\service\jars\caGrid-opensaml-1.4.jar;E:\myJava\namingAuthorityGS4-11-11\identifiers-namingauthority-gridsvc\ext\dependencies\service\jars\caGrid-syncgts-client-1.4.jar;E:\myJava\namingAuthorityGS4-11-11\identifiers-namingauthority-gridsvc\ext\dependencies\service\jars\caGrid-syncgts-common-1.4.jar;E:\myJava\namingAuthorityGS4-11-11\identifiers-namingauthority-gridsvc\ext\dependencies\service\jars\caGrid-syncgts-stubs-1.4.jar;E:\myJava\namingAuthorityGS4-11-11\identifiers-namingauthority-gridsvc\ext\dependencies\service\jars\castor-1.3-core.jar;E:\myJava\namingAuthorityGS4-11-11\identifiers-namingauthority-gridsvc\ext\dependencies\service\jars\castor-1.3.jar;E:\myJava\namingAuthorityGS4-11-11\identifiers-namingauthority-gridsvc\ext\dependencies\service\jars\cglib-2.1_3.jar;E:\myJava\namingAuthorityGS4-11-11\identifiers-namingauthority-gridsvc\ext\dependencies\service\jars\cog-axis.jar;E:\myJava\namingAuthorityGS4-11-11\identifiers-namingauthority-gridsvc\ext\dependencies\service\jars\cog-tomcat.jar;E:\myJava\namingAuthorityGS4-11-11\identifiers-namingauthority-gridsvc\ext\dependencies\service\jars\cog-url.jar;E:\myJava\namingAuthorityGS4-11-11\identifiers-namingauthority-gridsvc\ext\dependencies\service\jars\commonj.jar;E:\myJava\namingAuthorityGS4-11-11\identifiers-namingauthority-gridsvc\ext\dependencies\service\jars\commons-beanutils.jar;E:\myJava\namingAuthorityGS4-11-11\identifiers-namingauthority-gridsvc\ext\dependencies\service\jars\commons-cli-2.0.jar;E:\myJava\namingAuthorityGS4-11-11\identifiers-namingauthority-gridsvc\ext\dependencies\service\jars\commons-collections-3.2.jar;E:\myJava\namingAuthorityGS4-11-11\identifiers-namingauthority-gridsvc\ext\dependencies\service\jars\commons-dbcp-1.2.2.jar;E:\myJava\namingAuthorityGS4-11-11\identifiers-namingauthority-gridsvc\ext\dependencies\service\jars\commons-digester.jar;E:\myJava\namingAuthorityGS4-11-11\identifiers-namingauthority-gridsvc\ext\dependencies\service\jars\commons-discovery.jar;E:\myJava\namingAuthorityGS4-11-11\identifiers-namingauthority-gridsvc\ext\dependencies\service\jars\commons-lang.jar;E:\myJava\namingAuthorityGS4-11-11\identifiers-namingauthority-gridsvc\ext\dependencies\service\jars\commons-logging-1.1.jar;E:\myJava\namingAuthorityGS4-11-11\identifiers-namingauthority-gridsvc\ext\dependencies\service\jars\commons-logging.jar;E:\myJava\namingAuthorityGS4-11-11\identifiers-namingauthority-gridsvc\ext\dependencies\service\jars\commons-pool-1.2.jar;E:\myJava\namingAuthorityGS4-11-11\identifiers-namingauthority-gridsvc\ext\dependencies\service\jars\concurrent.jar;E:\myJava\namingAuthorityGS4-11-11\identifiers-namingauthority-gridsvc\ext\dependencies\service\jars\cryptix-asn1.jar;E:\myJava\namingAuthorityGS4-11-11\identifiers-namingauthority-gridsvc\ext\dependencies\service\jars\cryptix.jar;E:\myJava\namingAuthorityGS4-11-11\identifiers-namingauthority-gridsvc\ext\dependencies\service\jars\cryptix32.jar;E:\myJava\namingAuthorityGS4-11-11\identifiers-namingauthority-gridsvc\ext\dependencies\service\jars\dom4j-1.6.1.jar;E:\myJava\namingAuthorityGS4-11-11\identifiers-namingauthority-gridsvc\ext\dependencies\service\jars\ehcache-1.2.3.jar;E:\myJava\namingAuthorityGS4-11-11\identifiers-namingauthority-gridsvc\ext\dependencies\service\jars\ejb3-persistence.jar;E:\myJava\namingAuthorityGS4-11-11\identifiers-namingauthority-gridsvc\ext\dependencies\service\jars\globus_resolution_service.jar;E:\myJava\namingAuthorityGS4-11-11\identifiers-namingauthority-gridsvc\ext\dependencies\service\jars\globus_resolution_stubs_java.jar;E:\myJava\namingAuthorityGS4-11-11\identifiers-namingauthority-gridsvc\ext\dependencies\service\jars\globus_resolution_test.jar;E:\myJava\namingAuthorityGS4-11-11\identifiers-namingauthority-gridsvc\ext\dependencies\service\jars\globus_transfer_service.jar;E:\myJava\namingAuthorityGS4-11-11\identifiers-namingauthority-gridsvc\ext\dependencies\service\jars\globus_transfer_stubs_java.jar;E:\myJava\namingAuthorityGS4-11-11\identifiers-namingauthority-gridsvc\ext\dependencies\service\jars\globus_transfer_test.jar;E:\myJava\namingAuthorityGS4-11-11\identifiers-namingauthority-gridsvc\ext\dependencies\service\jars\globus_usage_core.jar;E:\myJava\namingAuthorityGS4-11-11\identifiers-namingauthority-gridsvc\ext\dependencies\service\jars\globus_usage_packets_common.jar;E:\myJava\namingAuthorityGS4-11-11\identifiers-namingauthority-gridsvc\ext\dependencies\service\jars\globus_wsrf_mds_aggregator.jar;E:\myJava\namingAuthorityGS4-11-11\identifiers-namingauthority-gridsvc\ext\dependencies\service\jars\globus_wsrf_mds_aggregator_stubs.jar;E:\myJava\namingAuthorityGS4-11-11\identifiers-namingauthority-gridsvc\ext\dependencies\service\jars\globus_wsrf_servicegroup.jar;E:\myJava\namingAuthorityGS4-11-11\identifiers-namingauthority-gridsvc\ext\dependencies\service\jars\globus_wsrf_servicegroup_stubs.jar;E:\myJava\namingAuthorityGS4-11-11\identifiers-namingauthority-gridsvc\ext\dependencies\service\jars\globus_wsrf_tools_test.jar;E:\myJava\namingAuthorityGS4-11-11\identifiers-namingauthority-gridsvc\ext\dependencies\service\jars\grouper.jar;E:\myJava\namingAuthorityGS4-11-11\identifiers-namingauthority-gridsvc\ext\dependencies\service\jars\hibernate-annotations.jar;E:\myJava\namingAuthorityGS4-11-11\identifiers-namingauthority-gridsvc\ext\dependencies\service\jars\hibernate-commons-annotations.jar;E:\myJava\namingAuthorityGS4-11-11\identifiers-namingauthority-gridsvc\ext\dependencies\service\jars\hibernate3.jar;E:\myJava\namingAuthorityGS4-11-11\identifiers-namingauthority-gridsvc\ext\dependencies\service\jars\jasciidammit-1.1.jar;E:\myJava\namingAuthorityGS4-11-11\identifiers-namingauthority-gridsvc\ext\dependencies\service\jars\jaxrpc.jar;E:\myJava\namingAuthorityGS4-11-11\identifiers-namingauthority-gridsvc\ext\dependencies\service\jars\jce-jdk13-125.jar;E:\myJava\namingAuthorityGS4-11-11\identifiers-namingauthority-gridsvc\ext\dependencies\service\jars\jdom-1.0.jar;E:\myJava\namingAuthorityGS4-11-11\identifiers-namingauthority-gridsvc\ext\dependencies\service\jars\jetty-6.1.18.jar;E:\myJava\namingAuthorityGS4-11-11\identifiers-namingauthority-gridsvc\ext\dependencies\service\jars\jetty-util-6.1.18.jar;E:\myJava\namingAuthorityGS4-11-11\identifiers-namingauthority-gridsvc\ext\dependencies\service\jars\jgss.jar;E:\myJava\namingAuthorityGS4-11-11\identifiers-namingauthority-gridsvc\ext\dependencies\service\jars\jta-1.0.1B.jar;E:\myJava\namingAuthorityGS4-11-11\identifiers-namingauthority-gridsvc\ext\dependencies\service\jars\junit.jar;E:\myJava\namingAuthorityGS4-11-11\identifiers-namingauthority-gridsvc\ext\dependencies\service\jars\log4j-1.2.8.jar;E:\myJava\namingAuthorityGS4-11-11\identifiers-namingauthority-gridsvc\ext\dependencies\service\jars\mobius_common_client-1.1.jar;E:\myJava\namingAuthorityGS4-11-11\identifiers-namingauthority-gridsvc\ext\dependencies\service\jars\mysql-connector-java-3.0.16-ga-bin.jar;E:\myJava\namingAuthorityGS4-11-11\identifiers-namingauthority-gridsvc\ext\dependencies\service\jars\naming-common.jar;E:\myJava\namingAuthorityGS4-11-11\identifiers-namingauthority-gridsvc\ext\dependencies\service\jars\naming-factory.jar;E:\myJava\namingAuthorityGS4-11-11\identifiers-namingauthority-gridsvc\ext\dependencies\service\jars\naming-java.jar;E:\myJava\namingAuthorityGS4-11-11\identifiers-namingauthority-gridsvc\ext\dependencies\service\jars\naming-resources.jar;E:\myJava\namingAuthorityGS4-11-11\identifiers-namingauthority-gridsvc\ext\dependencies\service\jars\opensaml.jar;E:\myJava\namingAuthorityGS4-11-11\identifiers-namingauthority-gridsvc\ext\dependencies\service\jars\puretls.jar;E:\myJava\namingAuthorityGS4-11-11\identifiers-namingauthority-gridsvc\ext\dependencies\service\jars\resolver.jar;E:\myJava\namingAuthorityGS4-11-11\identifiers-namingauthority-gridsvc\ext\dependencies\service\jars\saaj.jar;E:\myJava\namingAuthorityGS4-11-11\identifiers-namingauthority-gridsvc\ext\dependencies\service\jars\serializer.jar;E:\myJava\namingAuthorityGS4-11-11\identifiers-namingauthority-gridsvc\ext\dependencies\service\jars\servlet.jar;E:\myJava\namingAuthorityGS4-11-11\identifiers-namingauthority-gridsvc\ext\dependencies\service\jars\spring-test.jar;E:\myJava\namingAuthorityGS4-11-11\identifiers-namingauthority-gridsvc\ext\dependencies\service\jars\spring-xml-1.2.1.jar;E:\myJava\namingAuthorityGS4-11-11\identifiers-namingauthority-gridsvc\ext\dependencies\service\jars\spring.jar;E:\myJava\namingAuthorityGS4-11-11\identifiers-namingauthority-gridsvc\ext\dependencies\service\jars\subject-0.2.1.jar;E:\myJava\namingAuthorityGS4-11-11\identifiers-namingauthority-gridsvc\ext\dependencies\service\jars\wsdl4j.jar;E:\myJava\namingAuthorityGS4-11-11\identifiers-namingauthority-gridsvc\ext\dependencies\service\jars\wsrf_common.jar;E:\myJava\namingAuthorityGS4-11-11\identifiers-namingauthority-gridsvc\ext\dependencies\service\jars\wsrf_core.jar;E:\myJava\namingAuthorityGS4-11-11\identifiers-namingauthority-gridsvc\ext\dependencies\service\jars\wsrf_core_registry.jar;E:\myJava\namingAuthorityGS4-11-11\identifiers-namingauthority-gridsvc\ext\dependencies\service\jars\wsrf_core_registry_stubs.jar;E:\myJava\namingAuthorityGS4-11-11\identifiers-namingauthority-gridsvc\ext\dependencies\service\jars\wsrf_core_samples_authzService.jar;E:\myJava\namingAuthorityGS4-11-11\identifiers-namingauthority-gridsvc\ext\dependencies\service\jars\wsrf_core_samples_authzService_stubs.jar;E:\myJava\namingAuthorityGS4-11-11\identifiers-namingauthority-gridsvc\ext\dependencies\service\jars\wsrf_core_samples_counter.jar;E:\myJava\namingAuthorityGS4-11-11\identifiers-namingauthority-gridsvc\ext\dependencies\service\jars\wsrf_core_samples_counter_stubs.jar;E:\myJava\namingAuthorityGS4-11-11\identifiers-namingauthority-gridsvc\ext\dependencies\service\jars\wsrf_core_samples_mgmt.jar;E:\myJava\namingAuthorityGS4-11-11\identifiers-namingauthority-gridsvc\ext\dependencies\service\jars\wsrf_core_samples_mgmt_stubs.jar;E:\myJava\namingAuthorityGS4-11-11\identifiers-namingauthority-gridsvc\ext\dependencies\service\jars\wsrf_core_stubs.jar;E:\myJava\namingAuthorityGS4-11-11\identifiers-namingauthority-gridsvc\ext\dependencies\service\jars\wsrf_provider_jce.jar;E:\myJava\namingAuthorityGS4-11-11\identifiers-namingauthority-gridsvc\ext\dependencies\service\jars\wsrf_test.jar;E:\myJava\namingAuthorityGS4-11-11\identifiers-namingauthority-gridsvc\ext\dependencies\service\jars\wsrf_test_interop.jar;E:\myJava\namingAuthorityGS4-11-11\identifiers-namingauthority-gridsvc\ext\dependencies\service\jars\wsrf_test_interop_stubs.jar;E:\myJava\namingAuthorityGS4-11-11\identifiers-namingauthority-gridsvc\ext\dependencies\service\jars\wsrf_test_unit.jar;E:\myJava\namingAuthorityGS4-11-11\identifiers-namingauthority-gridsvc\ext\dependencies\service\jars\wsrf_test_unit_stubs.jar;E:\myJava\namingAuthorityGS4-11-11\identifiers-namingauthority-gridsvc\ext\dependencies\service\jars\wsrf_tools.jar;E:\myJava\namingAuthorityGS4-11-11\identifiers-namingauthority-gridsvc\ext\dependencies\service\jars\wss4j.jar;E:\myJava\namingAuthorityGS4-11-11\identifiers-namingauthority-gridsvc\ext\dependencies\service\jars\xalan.jar;E:\myJava\namingAuthorityGS4-11-11\identifiers-namingauthority-gridsvc\ext\dependencies\service\jars\xercesImpl.jar;E:\myJava\namingAuthorityGS4-11-11\identifiers-namingauthority-gridsvc\ext\dependencies\service\jars\xml-apis.jar;E:\myJava\namingAuthorityGS4-11-11\identifiers-namingauthority-gridsvc\ext\dependencies\service\jars\xmlsec.jar;E:\work\cagrid\caGridRun\cagrid1.4\apache-ant-1.7.0\lib\ant-launcher.jar;E:\work\cagrid\caGridRun\cagrid1.4\apache-ant-1.7.0\lib\ant.jar;E:\work\cagrid\caGridRun\cagrid1.4\apache-ant-1.7.0\lib\ant-junit.jar" />
    <property name="env.VS100COMNTOOLS" value="C:\Program Files\Microsoft Visual Studio 10.0\Common7\Tools\" />
    <property name="ant.library.dir" value="E:\work\cagrid\caGridRun\cagrid1.4\apache-ant-1.7.0\lib" />
    <property name="os.arch" value="x86" />
    <property name="sqlTest.file" value="E:\myJava\namingAuthorityGS4-11-11\identifiers-namingauthority-gridsvc/sql/SchemaTest.sql" />
    <property name="env.SESSIONNAME" value="Console" />
    <property name="sun.java.launcher" value="SUN_STANDARD" />
    <property name="env.CommonProgramFiles" value="C:\Program Files\Common Files" />
    <property name="env.ProgramFiles" value="C:\Program Files" />
    <property name="ant.core.lib" value="E:\work\cagrid\caGridRun\cagrid1.4\apache-ant-1.7.0\lib\ant.jar" />
    <property name="java.vm.specification.vendor" value="Sun Microsystems Inc." />
    <property name="file.separator" value="\" />
    <property name="introduce.skeleton.resource.options" value="main,singleton,identifiable,resourcePropertyManagement" />
    <property name="java.runtime.version" value="1.6.0_22-b04" />
    <property name="env.ANT_CMD_LINE_ARGS" value="test" />
    <property name="sun.boot.class.path" value="C:\Program Files\Java\jdk1.6.0_22\jre\lib\resources.jar;C:\Program Files\Java\jdk1.6.0_22\jre\lib\rt.jar;C:\Program Files\Java\jdk1.6.0_22\jre\lib\sunrsasign.jar;C:\Program Files\Java\jdk1.6.0_22\jre\lib\jsse.jar;C:\Program Files\Java\jdk1.6.0_22\jre\lib\jce.jar;C:\Program Files\Java\jdk1.6.0_22\jre\lib\charsets.jar;C:\Program Files\Java\jdk1.6.0_22\jre\classes" />
    <property name="create.test.report" value="true" />
    <property name="coverage.dir" value="E:\myJava\namingAuthorityGS4-11-11\identifiers-namingauthority-gridsvc/coverage" />
    <property name="env.ComSpec" value="C:\Windows\system32\cmd.exe" />
    <property name="env.TEMP" value="C:\Users\SRIKAL~1\AppData\Local\Temp" />
    <property name="user.country" value="US" />
    <property name="env.ANT_HOME" value="E:\work\cagrid\caGridRun\cagrid1.4\apache-ant-1.7.0" />
    <property name="etc.dir" value="etc" />
    <property name="service.jar.name" value="caGrid-IdentifiersNAService-service-1.4-dev.jar" />
    <property name="TRAINING_TARGET_GRID" value="training-1.3" />
    <property name="service.name" value="IdentifiersNAService" />
    <property name="java.vendor" value="Sun Microsystems Inc." />
    <property name="env.PSModulePath" value="C:\Users\srikalyan\Documents\WindowsPowerShell\Modules;C:\Windows\system32\WindowsPowerShell\v1.0\Modules\" />
    <property name="env.CATALINA_HOME" value="E:\runningSoftware\servers\tomcat1.4\apache-tomcat-5.5.27" />
    <property name="java.specification.version" value="1.6" />
    <property name="jboss.dir" value="${env.JBOSS_HOME}" />
    <property name="sun.arch.data.model" value="32" />
  </properties>
  <error message="Could able to create a client" type="junit.framework.AssertionFailedError">junit.framework.AssertionFailedError: Could able to create a client
	at gov.nih.nci.cagrid.identifiers.test.NATestCase.&lt;clinit&gt;(NATestCase.java:48)
	at java.lang.Class.forName0(Native Method)
	at java.lang.Class.forName(Class.java:169)
</error>
  <system-out><![CDATA[WARN   isAttachmentSupported, Unable to find required classes (javax.activation.DataHandler and javax.mail.internet.MimeMultipart). Attachment support is disabled.
No proxy file loaded so running with no credentials
An unexpected error was encountered in trying to determine the supported authentication profiles: Error getting resource property; endpoint was 'Address: https://dorian.training.cagrid.org:8443/wsrf/services/cagrid/Dorian
', name was '{http://gaards.cagrid.org/authentication}AuthenticationProfiles; nested exception is: 
	gov.nih.nci.cagrid.metadata.exceptions.RemoteResourcePropertyRetrievalException: Error getting resource property; endpoint was 'Address: https://dorian.training.cagrid.org:8443/wsrf/services/cagrid/Dorian
', name was '{http://gaards.cagrid.org/authentication}AuthenticationProfiles
]]></system-out>
  <system-err><![CDATA[]]></system-err>
</testsuite>
