<?xml version="1.0" encoding="UTF-8" ?>
<testsuite errors="0" failures="0" hostname="ra" name="org.cagrid.identifiers.namingauthority.util.IdentifierUtilTestCase" tests="4" time="0.0090" timestamp="2010-12-03T16:08:06">
  <properties>
    <property name="env.VBOX_INSTALL_PATH" value="C:\Program Files\Oracle\VirtualBox\" />
    <property name="file.encoding.pkg" value="sun.io" />
    <property name="env.PROMPT" value="$P$G" />
    <property name="cagrid.na.db.name" value="natest" />
    <property name="env.RoxioCentral" value="C:\Program Files\Common Files\Roxio Shared\10.0\Roxio Central36\" />
    <property name="java.home" value="C:\Program Files\Java\jdk1.6.0_20\jre" />
    <property name="test.src.dir" value="E:\myJava\namingAuthorityGS4-11-11\identifiers-namingauthority\test\src" />
    <property name="test.project.jar" value="E:\myJava\namingAuthorityGS4-11-11\identifiers-namingauthority\build\lib\caGrid-identifiers-namingauthority-tests-1.4.jar" />
    <property name="cagrid.na.db.dialect" value="org.hibernate.dialect.MySQL5InnoDBDialect" />
    <property name="java.endorsed.dirs" value="C:\Program Files\Java\jdk1.6.0_20\jre\lib\endorsed" />
    <property name="env.USERNAME" value="srikalyan" />
    <property name="src.dir" value="E:\myJava\namingAuthorityGS4-11-11\identifiers-namingauthority/src" />
    <property name="ext.globus.dir" value="E:\runningSoftware\globus\ws-core-4.0.3" />
    <property name="sun.os.patch.level" value="" />
    <property name="java.vendor.url" value="http://java.sun.com/" />
    <property name="env.COMPUTERNAME" value="RA" />
    <property name="java.version" value="1.6.0_20" />
    <property name="eclipse.pdebuild.home" value="/E:/runningSoftware/eclipse/plugins/org.eclipse.pde.build_3.6.0.v20100603/./" />
    <property name="test.logs.dir" value="E:\myJava\namingAuthorityGS4-11-11\identifiers-namingauthority\test\logs" />
    <property name="java.vendor.url.bug" value="http://java.sun.com/cgi-bin/bugreport.cgi" />
    <property name="env.USERPROFILE" value="C:\Users\srikalyan" />
    <property name="javadoc.dir" value="E:\myJava\namingAuthorityGS4-11-11\identifiers-namingauthority/build/javadoc" />
    <property name="env.CAGRID_LOCATION" value="E:\work\catissue\cagrid\caGrid" />
    <property name="env.SRIKALYAN_HOME" value="C:\Users\srikalyan" />
    <property name="test.lib.dir" value="E:\myJava\namingAuthorityGS4-11-11\identifiers-namingauthority\test\lib" />
    <property name="env.SystemRoot" value="C:\Windows" />
    <property name="user.name" value="srikalyan" />
    <property name="sun.io.unicode.encoding" value="UnicodeLittle" />
    <property name="sun.jnu.encoding" value="Cp1252" />
    <property name="java.runtime.name" value="Java(TM) SE Runtime Environment" />
    <property name="env.LOCALAPPDATA" value="C:\Users\srikalyan\AppData\Local" />
    <property name="lib.dir" value="E:\myJava\namingAuthorityGS4-11-11\identifiers-namingauthority/lib" />
    <property name="project.version" value="1.4" />
    <property name="java.specification.name" value="Java Platform API Specification" />
    <property name="user.timezone" value="" />
    <property name="path.separator" value=";" />
    <property name="env.GT4_LOCATION" value="E:\runningSoftware\globus\ws-core-4.0.3" />
    <property name="env.PROCESSOR_IDENTIFIER" value="x86 Family 6 Model 37 Stepping 2, GenuineIntel" />
    <property name="project.name" value="caGrid-identifiers" />
    <property name="file.encoding" value="Cp1252" />
    <property name="junit.results.dir" value="E:\myJava\namingAuthorityGS4-11-11\identifiers-namingauthority\test\logs/junit" />
    <property name="env.NUMBER_OF_PROCESSORS" value="4" />
    <property name="env.APPDATA" value="C:\Users\srikalyan\AppData\Roaming" />
    <property name="ant.file" value="E:\myJava\namingAuthorityGS4-11-11\identifiers-namingauthority\build.xml" />
    <property name="ant.file.caGrid-identifiers" value="E:\myJava\namingAuthorityGS4-11-11\identifiers-namingauthority\build.xml" />
    <property name="env.CASSANDRA_HOME" value="E:\nosql\cassandra\cassandra\cassandra-0.6.6\apache-cassandra-0.6.6" />
    <property name="java.io.tmpdir" value="C:\Users\SRIKAL~1\AppData\Local\Temp\" />
    <property name="user.language" value="en" />
    <property name="env.SystemDrive" value="C:" />
    <property name="cagrid.na.db.username" value="root" />
    <property name="line.separator" value="
" />
    <property name="java.debug" value="true" />
    <property name="schema.src" value="E:\runningSoftware\globus\ws-core-4.0.3\share\schema" />
    <property name="root.db.password" value="root123" />
    <property name="java.vm.info" value="mixed mode, sharing" />
    <property name="sun.desktop" value="windows" />
    <property name="java.vm.specification.name" value="Java Virtual Machine Specification" />
    <property name="namingauthority.jarfile" value="E:\myJava\namingAuthorityGS4-11-11\identifiers-namingauthority/build/lib/caGrid-identifiers-namingauthority-1.4.jar" />
    <property name="env.PATHEXT" value=".COM;.EXE;.BAT;.CMD;.VBS;.VBE;.JS;.JSE;.WSF;.WSH;.MSC" />
    <property name="test.classes.dir" value="E:\myJava\namingAuthorityGS4-11-11\identifiers-namingauthority\build\test_classes" />
    <property name="env.EDITOR" value="&quot;C:\Program Files\Notepad++\notepad++.exe&quot;" />
    <property name="build.stubs" value="E:\myJava\namingAuthorityGS4-11-11\identifiers-namingauthority\build-stubs.xml" />
    <property name="env.LOGONSERVER" value="\\RA" />
    <property name="eclipse.pdebuild.templates" value="/E:/runningSoftware/eclipse/plugins/org.eclipse.pde.build_3.6.0.v20100603/templates/" />
    <property name="java.awt.printerjob" value="sun.awt.windows.WPrinterJob" />
    <property name="build.webcontent.dir" value="E:\myJava\namingAuthorityGS4-11-11\identifiers-namingauthority/build/WebContent" />
    <property name="env.PUBLIC" value="C:\Users\Public" />
    <property name="ant.version" value="Apache Ant version 1.7.1 compiled on June 27 2008" />
    <property name="env.USERDOMAIN" value="RA" />
    <property name="cagrid.na.db.driver" value="com.mysql.jdbc.Driver" />
    <property name="env.PROCESSOR_LEVEL" value="6" />
    <property name="env.windir" value="C:\Windows" />
    <property name="os.name" value="Windows 7" />
    <property name="java.specification.vendor" value="Sun Microsystems Inc." />
    <property name="env.TMP" value="C:\Users\SRIKAL~1\AppData\Local\Temp" />
    <property name="java.vm.name" value="Java HotSpot(TM) Client VM" />
    <property name="env.ProgramData" value="C:\ProgramData" />
    <property name="env.OS" value="Windows_NT" />
    <property name="java.library.path" value="C:\Program Files\Java\jdk1.6.0_20\jre\bin;.;C:\Windows\Sun\Java\bin;C:\Windows\system32;C:\Windows;C:/Program Files/Java/jdk1.6.0_20/bin/../jre/bin/client;C:/Program Files/Java/jdk1.6.0_20/bin/../jre/bin;C:/Program Files/Java/jdk1.6.0_20/bin/../jre/lib/i386;C:\Program Files\CollabNet\Subversion Client;C:\Program Files\Common Files\Microsoft Shared\Windows Live;C:\oraclexe\app\oracle\product\10.2.0\server\bin;C:\Program Files\Java\jdk1.6.0_20\bin;C:\Windows\system32;C:\Windows;C:\Windows\System32\Wbem;C:\Windows\System32\WindowsPowerShell\v1.0\;C:\Program Files\Dell\DW WLAN Card\Driver;c:\Program Files\WIDCOMM\Bluetooth Software\;C:\Program Files\Common Files\Roxio Shared\DLLShared\;C:\Program Files\Common Files\Roxio Shared\10.0\DLLShared\;E:\ant\apache-ant-1.7.0\bin;C:\Program Files\Subversion\bin;C:\Program Files\GnuWin32\bin;C:\Program Files\Yap\bin;C:\Program Files\Graphviz2.26.3\bin;C:\Program Files\SSH Communications Security\SSH Secure Shell;C:\Program Files\MySQL\MySQL Server 5.0\bin;C:\Windows\Microsoft.NET\Framework\v4.0.30319;c:\Program Files\Microsoft SQL Server\100\Tools\Binn\;c:\Program Files\Microsoft SQL Server\100\DTS\Binn\;C:\Program Files\Microsoft Visual Studio 10.0\VC\bin;C:\Program Files\Microsoft Visual Studio 10.0\Common7\IDE;C:\Program Files\TortoiseSVN\bin;E:\maven\apache-maven-2.2.1\bin;C:\Program Files\Windows Live\Shared;C:\Program Files\Mercurial\;C:\Users\srikalyan\bin" />
    <property name="eclipse.pdebuild.scripts" value="/E:/runningSoftware/eclipse/plugins/org.eclipse.pde.build_3.6.0.v20100603/scripts/" />
    <property name="ant.java.version" value="1.6" />
    <property name="basedir" value="E:\myJava\namingAuthorityGS4-11-11\identifiers-namingauthority" />
    <property name="java.class.version" value="50.0" />
    <property name="ext.lib.dir" value="E:\myJava\namingAuthorityGS4-11-11\identifiers-namingauthority/ext/dependencies/impl/jars" />
    <property name="ant.home" value="E:\runningSoftware\eclipse\plugins\org.apache.ant_1.7.1.v20100518-1145" />
    <property name="env.JBOSS_HOME" value="E:\runningSoftware\servers\jboss-4.2.2.GA" />
    <property name="env.Path" value="C:/Program Files/Java/jdk1.6.0_20/bin/../jre/bin/client;C:/Program Files/Java/jdk1.6.0_20/bin/../jre/bin;C:/Program Files/Java/jdk1.6.0_20/bin/../jre/lib/i386;C:\Program Files\CollabNet\Subversion Client;C:\Program Files\Common Files\Microsoft Shared\Windows Live;C:\oraclexe\app\oracle\product\10.2.0\server\bin;C:\Program Files\Java\jdk1.6.0_20\bin;C:\Windows\system32;C:\Windows;C:\Windows\System32\Wbem;C:\Windows\System32\WindowsPowerShell\v1.0\;C:\Program Files\Dell\DW WLAN Card\Driver;c:\Program Files\WIDCOMM\Bluetooth Software\;C:\Program Files\Common Files\Roxio Shared\DLLShared\;C:\Program Files\Common Files\Roxio Shared\10.0\DLLShared\;E:\ant\apache-ant-1.7.0\bin;C:\Program Files\Subversion\bin;C:\Program Files\GnuWin32\bin;C:\Program Files\Yap\bin;C:\Program Files\Graphviz2.26.3\bin;C:\Program Files\SSH Communications Security\SSH Secure Shell;C:\Program Files\MySQL\MySQL Server 5.0\bin;C:\Windows\Microsoft.NET\Framework\v4.0.30319;c:\Program Files\Microsoft SQL Server\100\Tools\Binn\;c:\Program Files\Microsoft SQL Server\100\DTS\Binn\;C:\Program Files\Microsoft Visual Studio 10.0\VC\bin;C:\Program Files\Microsoft Visual Studio 10.0\Common7\IDE;C:\Program Files\TortoiseSVN\bin;E:\maven\apache-maven-2.2.1\bin;C:\Program Files\Windows Live\Shared;C:\Program Files\Mercurial\;C:\Users\srikalyan\bin" />
    <property name="ext.test.lib.dir" value="E:\myJava\namingAuthorityGS4-11-11\identifiers-namingauthority\ext\dependencies\test\jars" />
    <property name="log4j.configuration" value="file:///E:\myJava\namingAuthorityGS4-11-11\identifiers-namingauthority\test\src/log4j.properties" />
    <property name="env.HOMEDRIVE" value="C:" />
    <property name="build.packages" value="E:\runningSoftware\globus\ws-core-4.0.3\share\globus_wsrf_common\build-packages.xml" />
    <property name="env.CABIG_INTEGRATION_HUB_DIR" value="E:\work\catissue\Xchg\cabigintegrationhub_1.3" />
    <property name="sun.boot.library.path" value="C:\Program Files\Java\jdk1.6.0_20\jre\bin" />
    <property name="build.dir" value="E:\myJava\namingAuthorityGS4-11-11\identifiers-namingauthority/build/classes" />
    <property name="env.PROCESSOR_REVISION" value="2502" />
    <property name="sun.management.compiler" value="HotSpot Client Compiler" />
    <property name="java.awt.graphicsenv" value="sun.awt.Win32GraphicsEnvironment" />
    <property name="user.variant" value="" />
    <property name="root.db.username" value="root" />
    <property name="jar.dir" value="E:\myJava\namingAuthorityGS4-11-11\identifiers-namingauthority/build/lib" />
    <property name="ant.project.name" value="caGrid-identifiers" />
    <property name="GT4.ns.excludes" value="-x http://docs.oasis-open.org/wsrf/2004/06/wsrf-WS-BaseFaults-1.2-draft-01.xsd -x http://docs.oasis-open.org/wsrf/2004/06/wsrf-WS-BaseFaults-1.2-draft-01.wsdl -x http://docs.oasis-open.org/wsrf/2004/06/wsrf-WS-ResourceLifetime-1.2-draft-01.xsd -x http://docs.oasis-open.org/wsrf/2004/06/wsrf-WS-ResourceLifetime-1.2-draft-01.wsdl -x http://docs.oasis-open.org/wsrf/2004/06/wsrf-WS-ResourceProperties-1.2-draft-01.xsd -x http://docs.oasis-open.org/wsrf/2004/06/wsrf-WS-ResourceProperties-1.2-draft-01.wsdl -x http://docs.oasis-open.org/wsrf/2004/06/wsrf-WS-ServiceGroup-1.2-draft-01.xsd -x http://docs.oasis-open.org/wsrf/2004/06/wsrf-WS-ServiceGroup-1.2-draft-01.wsdl -x http://docs.oasis-open.org/wsn/2004/06/wsn-WS-BaseNotification-1.2-draft-01.xsd -x http://docs.oasis-open.org/wsn/2004/06/wsn-WS-BaseNotification-1.2-draft-01.wsdl -x http://schemas.xmlsoap.org/ws/2004/04/trust -x http://schemas.xmlsoap.org/ws/2002/12/policy -x http://schemas.xmlsoap.org/ws/2002/07/utility -x http://schemas.xmlsoap.org/ws/2004/04/sc -x http://docs.oasis-open.org/wss/2004/01/oasis-200401-wss-wssecurity-secext-1.0.xsd -x http://www.w3.org/2000/09/xmldsig# -x http://docs.oasis-open.org/wss/2004/01/oasis-200401-wss-wssecurity-utility-1.0.xsd -x http://schemas.xmlsoap.org/ws/2004/09/enumeration" />
    <property name="java.vm.specification.version" value="1.0" />
    <property name="env.GLOBUS_LOCATION" value="E:\runningSoftware\globus\ws-core-4.0.3" />
    <property name="awt.toolkit" value="sun.awt.windows.WToolkit" />
    <property name="env.MAVEN_HOME" value="E:\maven\apache-maven-2.2.1" />
    <property name="sun.cpu.isalist" value="pentium_pro+mmx pentium_pro pentium+mmx pentium i486 i386 i86" />
    <property name="ant.file.Deploy Naming Authority as a web app" value="E:\myJava\namingAuthorityGS4-11-11\identifiers-namingauthority\webapp.xml" />
    <property name="java.ext.dirs" value="C:\Program Files\Java\jdk1.6.0_20\jre\lib\ext;C:\Windows\Sun\Java\lib\ext" />
    <property name="os.version" value="6.1" />
    <property name="user.home" value="C:\Users\srikalyan" />
    <property name="java.vm.vendor" value="Sun Microsystems Inc." />
    <property name="env.JAVA_HOME" value="C:\Program Files\Java\jdk1.6.0_20" />
    <property name="java.source" value="1.5" />
    <property name="user.dir" value="E:\myJava\namingAuthorityGS4-11-11\identifiers-namingauthority" />
    <property name="env.APR_ICONV_PATH" value="C:\Program Files\Subversion\iconv" />
    <property name="env.FP_NO_HOST_CHECK" value="NO" />
    <property name="test.dir" value="E:\myJava\namingAuthorityGS4-11-11\identifiers-namingauthority\test" />
    <property name="cagrid.na.schemauri" value="http://localhost:8080/namingauthority/org.cagrid.identifiers.namingauthority.xsd" />
    <property name="sun.cpu.endian" value="little" />
    <property name="warfile" value="E:\myJava\namingAuthorityGS4-11-11\identifiers-namingauthority/build/namingauthority.war" />
    <property name="cagrid.na.prefix" value="http://purlz.cagrid.org:8080/localhost/" />
    <property name="ant.file.identifiers_namingauthority_tests_harness" value="E:\myJava\namingAuthorityGS4-11-11\identifiers-namingauthority\test\test.xml" />
    <property name="env.ALLUSERSPROFILE" value="C:\ProgramData" />
    <property name="env.PROCESSOR_ARCHITECTURE" value="x86" />
    <property name="java.vm.version" value="16.3-b01" />
    <property name="java.class.path" value="E:\myJava\namingAuthorityGS4-11-11\identifiers-namingauthority\build\classes;E:\myJava\namingAuthorityGS4-11-11\identifiers-namingauthority\test\resources;E:\myJava\namingAuthorityGS4-11-11\identifiers-namingauthority\ext\dependencies\test\jars\caGrid-core-1.4.jar;E:\myJava\namingAuthorityGS4-11-11\identifiers-namingauthority\ext\dependencies\test\jars\caGrid-testing-core-1.4.jar;E:\myJava\namingAuthorityGS4-11-11\identifiers-namingauthority\ext\dependencies\test\jars\caGrid-testing-system-1.4.jar;E:\myJava\namingAuthorityGS4-11-11\identifiers-namingauthority\ext\dependencies\test\jars\jdom-1.0.jar;E:\myJava\namingAuthorityGS4-11-11\identifiers-namingauthority\ext\dependencies\test\jars\junit-4.4.jar;E:\myJava\namingAuthorityGS4-11-11\identifiers-namingauthority\ext\dependencies\test\jars\log4j-1.2.8.jar;E:\myJava\namingAuthorityGS4-11-11\identifiers-namingauthority\ext\dependencies\impl\jars\antlr-2.7.6rc1.jar;E:\myJava\namingAuthorityGS4-11-11\identifiers-namingauthority\ext\dependencies\impl\jars\asm.jar;E:\myJava\namingAuthorityGS4-11-11\identifiers-namingauthority\ext\dependencies\impl\jars\castor-1.3-core.jar;E:\myJava\namingAuthorityGS4-11-11\identifiers-namingauthority\ext\dependencies\impl\jars\castor-1.3.jar;E:\myJava\namingAuthorityGS4-11-11\identifiers-namingauthority\ext\dependencies\impl\jars\cglib-2.1_3.jar;E:\myJava\namingAuthorityGS4-11-11\identifiers-namingauthority\ext\dependencies\impl\jars\commons-collections-3.2.jar;E:\myJava\namingAuthorityGS4-11-11\identifiers-namingauthority\ext\dependencies\impl\jars\commons-dbcp-1.2.2.jar;E:\myJava\namingAuthorityGS4-11-11\identifiers-namingauthority\ext\dependencies\impl\jars\commons-logging-1.1.jar;E:\myJava\namingAuthorityGS4-11-11\identifiers-namingauthority\ext\dependencies\impl\jars\commons-pool-1.2.jar;E:\myJava\namingAuthorityGS4-11-11\identifiers-namingauthority\ext\dependencies\impl\jars\dom4j-1.6.1.jar;E:\myJava\namingAuthorityGS4-11-11\identifiers-namingauthority\ext\dependencies\impl\jars\ehcache-1.2.3.jar;E:\myJava\namingAuthorityGS4-11-11\identifiers-namingauthority\ext\dependencies\impl\jars\ejb3-persistence.jar;E:\myJava\namingAuthorityGS4-11-11\identifiers-namingauthority\ext\dependencies\impl\jars\hibernate-annotations.jar;E:\myJava\namingAuthorityGS4-11-11\identifiers-namingauthority\ext\dependencies\impl\jars\hibernate-commons-annotations.jar;E:\myJava\namingAuthorityGS4-11-11\identifiers-namingauthority\ext\dependencies\impl\jars\hibernate3.jar;E:\myJava\namingAuthorityGS4-11-11\identifiers-namingauthority\ext\dependencies\impl\jars\jetty-6.1.18.jar;E:\myJava\namingAuthorityGS4-11-11\identifiers-namingauthority\ext\dependencies\impl\jars\jetty-util-6.1.18.jar;E:\myJava\namingAuthorityGS4-11-11\identifiers-namingauthority\ext\dependencies\impl\jars\jta-1.0.1B.jar;E:\myJava\namingAuthorityGS4-11-11\identifiers-namingauthority\ext\dependencies\impl\jars\mysql-connector-java-3.0.16-ga-bin.jar;E:\myJava\namingAuthorityGS4-11-11\identifiers-namingauthority\ext\dependencies\impl\jars\servlet.jar;E:\myJava\namingAuthorityGS4-11-11\identifiers-namingauthority\ext\dependencies\impl\jars\spring-test.jar;E:\myJava\namingAuthorityGS4-11-11\identifiers-namingauthority\ext\dependencies\impl\jars\spring-xml-1.2.1.jar;E:\myJava\namingAuthorityGS4-11-11\identifiers-namingauthority\ext\dependencies\impl\jars\spring.jar;E:\myJava\namingAuthorityGS4-11-11\identifiers-namingauthority\build\test_classes;E:\runningSoftware\eclipse\plugins\org.apache.ant_1.7.1.v20100518-1145\lib\ant-launcher.jar;E:\runningSoftware\eclipse\plugins\org.apache.ant_1.7.1.v20100518-1145\lib\ant.jar;E:\runningSoftware\eclipse\plugins\org.apache.ant_1.7.1.v20100518-1145\lib\ant-junit.jar" />
    <property name="env.HOMEPATH" value="\Users\srikalyan" />
    <property name="ant.library.dir" value="E:\runningSoftware\eclipse\plugins\org.apache.ant_1.7.1.v20100518-1145\lib" />
    <property name="os.arch" value="x86" />
    <property name="env.SESSIONNAME" value="Console" />
    <property name="sun.java.launcher" value="SUN_STANDARD" />
    <property name="cagrid.na.grid.url" value="http://localhost:8081/wsrf/services/cagrid/IdentifiersNAService" />
    <property name="classes.dir" value="E:\myJava\namingAuthorityGS4-11-11\identifiers-namingauthority/build/classes" />
    <property name="env.CommonProgramFiles" value="C:\Program Files\Common Files" />
    <property name="ant.core.lib" value="E:\runningSoftware\eclipse\plugins\org.apache.ant_1.7.1.v20100518-1145\lib\ant.jar" />
    <property name="env.ProgramFiles" value="C:\Program Files" />
    <property name="root.db.url" value="jdbc:mysql://localhost:3306/?autoReconnect=true" />
    <property name="java.vm.specification.vendor" value="Sun Microsystems Inc." />
    <property name="file.separator" value="\" />
    <property name="java.runtime.version" value="1.6.0_20-b02" />
    <property name="sun.boot.class.path" value="C:\Program Files\Java\jdk1.6.0_20\jre\lib\resources.jar;C:\Program Files\Java\jdk1.6.0_20\jre\lib\rt.jar;C:\Program Files\Java\jdk1.6.0_20\jre\lib\sunrsasign.jar;C:\Program Files\Java\jdk1.6.0_20\jre\lib\jsse.jar;C:\Program Files\Java\jdk1.6.0_20\jre\lib\jce.jar;C:\Program Files\Java\jdk1.6.0_20\jre\lib\charsets.jar;C:\Program Files\Java\jdk1.6.0_20\jre\classes" />
    <property name="env.ComSpec" value="C:\Windows\system32\cmd.exe" />
    <property name="env.TEMP" value="C:\Users\SRIKAL~1\AppData\Local\Temp" />
    <property name="user.country" value="US" />
    <property name="env.ANT_HOME" value="E:\runningSoftware\eclipse\plugins\org.apache.ant_1.7.1.v20100518-1145" />
    <property name="cagrid.na.db.password" value="root123" />
    <property name="cagrid.na.db.url" value="jdbc:mysql://localhost:3306/natest" />
    <property name="java.vendor" value="Sun Microsystems Inc." />
    <property name="domain.dir" value="E:\myJava\namingAuthorityGS4-11-11\identifiers-namingauthority/domain/src" />
    <property name="env.PSModulePath" value="C:\Windows\system32\WindowsPowerShell\v1.0\Modules\" />
    <property name="env.CATALINA_HOME" value="E:\runningSoftware\servers\tomcatgrid\apache-tomcat-5.5.27" />
    <property name="java.specification.version" value="1.6" />
    <property name="sun.arch.data.model" value="32" />
  </properties>
  <testcase classname="org.cagrid.identifiers.namingauthority.util.IdentifierUtilTestCase" name="testInvalidPrefixes" time="0.0" />
  <testcase classname="org.cagrid.identifiers.namingauthority.util.IdentifierUtilTestCase" name="testInvalidIdentifiers" time="0.0" />
  <testcase classname="org.cagrid.identifiers.namingauthority.util.IdentifierUtilTestCase" name="testBuild" time="0.0" />
  <testcase classname="org.cagrid.identifiers.namingauthority.util.IdentifierUtilTestCase" name="testLocalName" time="0.0" />
  <system-out><![CDATA[]]></system-out>
  <system-err><![CDATA[]]></system-err>
</testsuite>
